\BOOKMARK [0][-]{chapter.11}{\376\377\000I\000n\000t\000r\000o\000d\000u\000c\000t\000i\000o\000n}{}% 1
\BOOKMARK [1][-]{section.12}{\376\377\000B\000a\000c\000k\000g\000r\000o\000u\000n\000d\000\040\000a\000n\000d\000\040\000P\000r\000o\000b\000l\000e\000m\000\040\000S\000t\000a\000t\000e\000m\000e\000n\000t}{chapter.11}% 2
\BOOKMARK [1][-]{section.13}{\376\377\000O\000b\000j\000e\000c\000t\000i\000v\000e\000\040\000a\000n\000d\000\040\000S\000c\000o\000p\000e\000\040\000o\000f\000\040\000t\000h\000e\000\040\000S\000t\000u\000d\000y}{chapter.11}% 3
\BOOKMARK [1][-]{section.14}{\376\377\000S\000t\000a\000t\000e\000\040\000o\000f\000\040\000t\000h\000e\000\040\000A\000r\000t}{chapter.11}% 4
\BOOKMARK [2][-]{subsection.15}{\376\377\000E\000x\000p\000e\000r\000i\000m\000e\000n\000t\000a\000l\000\040\000C\000h\000a\000r\000a\000c\000t\000e\000r\000i\000z\000a\000t\000i\000o\000n\000\040\000f\000o\000r\000\040\000S\000o\000f\000t\000\040\000M\000a\000t\000e\000r\000i\000a\000l\000s}{section.14}% 5
\BOOKMARK [2][-]{subsection.24}{\376\377\000M\000a\000t\000e\000r\000i\000a\000l\000\040\000M\000o\000d\000e\000l\000i\000n\000g\000\040\000o\000f\000\040\000S\000o\000f\000t\000\040\000M\000a\000t\000e\000r\000i\000a\000l\000s}{section.14}% 6
\BOOKMARK [2][-]{subsection.25}{\376\377\000I\000n\000v\000e\000r\000s\000e\000\040\000F\000i\000n\000i\000t\000e\000\040\000E\000l\000e\000m\000e\000n\000t\000\040\000M\000e\000t\000h\000o\000d\000\040\000f\000o\000r\000\040\000P\000a\000r\000a\000m\000e\000t\000e\000r\000\040\000I\000d\000e\000n\000t\000i\000f\000i\000c\000a\000t\000i\000o\000n}{section.14}% 7
\BOOKMARK [2][-]{subsection.28}{\376\377\000S\000t\000a\000n\000d\000a\000r\000d\000\040\000V\000e\000r\000i\000f\000i\000c\000a\000t\000i\000o\000n\000\040\000a\000n\000d\000\040\000V\000a\000l\000i\000d\000a\000t\000i\000o\000n\000\040\000f\000o\000r\000\040\000C\000o\000m\000p\000u\000t\000a\000t\000i\000o\000n\000a\000l\000\040\000S\000o\000l\000i\000d\000\040\000M\000e\000c\000h\000a\000n\000i\000c\000s\000\040\000\050\000A\000S\000M\000E\000\051}{section.14}% 8
\BOOKMARK [1][-]{section.30}{\376\377\000O\000v\000e\000r\000v\000i\000e\000w}{chapter.11}% 9
\BOOKMARK [0][-]{chapter.31}{\376\377\000E\000x\000p\000e\000r\000i\000m\000e\000n\000t\000a\000l\000\040\000M\000o\000d\000e\000l}{}% 10
\BOOKMARK [1][-]{section.32}{\376\377\000E\000x\000p\000e\000r\000i\000m\000e\000n\000t\000a\000l\000\040\000M\000o\000d\000e\000l\000\040\000I}{chapter.31}% 11
\BOOKMARK [1][-]{section.37}{\376\377\000E\000x\000p\000e\000r\000i\000m\000e\000n\000t\000a\000l\000\040\000M\000o\000d\000e\000l\000\040\000I\000I}{chapter.31}% 12
\BOOKMARK [1][-]{section.42}{\376\377\000E\000x\000p\000e\000r\000i\000m\000e\000n\000t\000a\000l\000\040\000T\000e\000s\000t\000s\000\040\000D\000e\000s\000c\000r\000i\000p\000t\000i\000o\000n}{chapter.31}% 13
\BOOKMARK [2][-]{subsection.43}{\376\377\000M\000i\000d\000d\000l\000e\000\040\000P\000o\000i\000n\000t}{section.42}% 14
\BOOKMARK [2][-]{subsection.45}{\376\377\000L\000o\000a\000d\000-\000U\000n\000l\000o\000a\000d\000i\000n\000g}{section.42}% 15
\BOOKMARK [2][-]{subsection.47}{\376\377\000N\000e\000a\000r\000b\000y\000\040\000P\000o\000i\000n\000t}{section.42}% 16
\BOOKMARK [1][-]{section.49}{\376\377\000A\000n\000a\000l\000y\000s\000i\000s\000\040\000a\000n\000d\000\040\000O\000v\000e\000r\000v\000i\000e\000w\000\040\000o\000f\000\040\000t\000h\000e\000\040\000D\000a\000t\000a\000\040\000a\000n\000d\000\040\000R\000e\000s\000u\000l\000t\000s}{chapter.31}% 17
\BOOKMARK [2][-]{subsection.50}{\376\377\000M\000i\000d\000d\000l\000e\000\040\000P\000o\000i\000n\000t}{section.49}% 18
\BOOKMARK [2][-]{subsection.57}{\376\377\000L\000o\000a\000d\000-\000U\000n\000l\000o\000a\000d\000i\000n\000g}{section.49}% 19
\BOOKMARK [2][-]{subsection.60}{\376\377\000N\000e\000a\000r\000b\000y\000\040\000P\000o\000i\000n\000t}{section.49}% 20
\BOOKMARK [1][-]{section.63}{\376\377\000M\000a\000i\000n\000\040\000A\000s\000s\000u\000m\000p\000t\000i\000o\000n\000s\000\040\000f\000o\000r\000\040\000M\000a\000t\000e\000r\000i\000a\000l\000\040\000M\000o\000d\000e\000l\000i\000n\000g}{chapter.31}% 21
\BOOKMARK [2][-]{subsection.68}{\376\377\000L\000e\000v\000e\000l\000\040\0001\000:\000\040\000L\000i\000n\000e\000a\000r\000\040\000e\000l\000a\000s\000t\000i\000c\000i\000t\000y}{section.63}% 22
\BOOKMARK [2][-]{subsection.71}{\376\377\000L\000e\000v\000e\000l\000\040\0002\000:\000\040\000H\000y\000p\000e\000r\000e\000l\000a\000s\000t\000i\000c\000i\000t\000y}{section.63}% 23
\BOOKMARK [0][-]{chapter.77}{\376\377\000C\000o\000m\000p\000u\000t\000a\000t\000i\000o\000n\000a\000l\000\040\000m\000o\000d\000e\000l}{}% 24
\BOOKMARK [1][-]{section.78}{\376\377\000M\000i\000d\000d\000l\000e\000\040\000p\000o\000i\000n\000t}{chapter.77}% 25
\BOOKMARK [2][-]{subsection.79}{\376\377\000D\000e\000s\000c\000r\000i\000p\000t\000i\000o\000n}{section.78}% 26
\BOOKMARK [2][-]{subsection.80}{\376\377\000A\000n\000a\000l\000y\000s\000i\000s\000\040\000a\000n\000d\000\040\000C\000o\000m\000p\000l\000i\000c\000a\000t\000i\000o\000n\000s}{section.78}% 27
\BOOKMARK [2][-]{subsection.81}{\376\377\000V\000e\000r\000i\000f\000i\000c\000a\000t\000i\000o\000n\000\040\000o\000f\000\040\000t\000h\000e\000\040\000S\000i\000m\000u\000l\000a\000t\000i\000o\000n\000\040\000M\000o\000d\000e\000l}{section.78}% 28
\BOOKMARK [1][-]{section.84}{\376\377\000N\000e\000a\000r\000b\000y\000\040\000p\000o\000i\000n\000t}{chapter.77}% 29
\BOOKMARK [0][-]{chapter.85}{\376\377\000I\000n\000v\000e\000r\000s\000e\000\040\000F\000i\000n\000i\000t\000e\000\040\000E\000l\000e\000m\000e\000n\000t\000\040\000M\000e\000t\000h\000o\000d\000\040\000f\000o\000r\000\040\000M\000a\000t\000e\000r\000i\000a\000l\000\040\000P\000a\000r\000a\000m\000e\000t\000e\000r\000\040\000I\000d\000e\000n\000t\000i\000f\000i\000c\000a\000t\000i\000o\000n}{}% 30
\BOOKMARK [1][-]{section.86}{\376\377\000P\000r\000o\000c\000e\000d\000u\000r\000e\000\040\000o\000f\000\040\000I\000F\000E\000M}{chapter.85}% 31
\BOOKMARK [1][-]{section.87}{\376\377\000M\000a\000t\000e\000r\000i\000a\000l\000\040\000M\000o\000d\000e\000l\000i\000n\000g}{chapter.85}% 32
\BOOKMARK [2][-]{subsection.88}{\376\377\000R\000e\000s\000p\000o\000n\000s\000e\000\040\000S\000u\000r\000f\000a\000c\000e\000\040\000O\000p\000t\000i\000m\000i\000z\000a\000t\000i\000o\000n}{section.87}% 33
\BOOKMARK [2][-]{subsection.91}{\376\377\000O\000b\000j\000e\000c\000t\000i\000v\000e\000\040\000F\000u\000n\000c\000t\000i\000o\000n\000\040\000O\000p\000t\000i\000m\000z\000a\000t\000i\000o\000n}{section.87}% 34
\BOOKMARK [2][-]{subsection.92}{\376\377\000A\000n\000a\000l\000y\000s\000i\000s\000\040\000a\000n\000d\000\040\000C\000o\000m\000p\000a\000r\000i\000s\000o\000n\000\040\000o\000f\000\040\000E\000a\000c\000h\000\040\000A\000p\000p\000r\000o\000a\000c\000h}{section.87}% 35
\BOOKMARK [0][-]{chapter.93}{\376\377\000R\000e\000s\000u\000l\000t\000s}{}% 36
\BOOKMARK [1][-]{section.94}{\376\377\000O\000v\000e\000r\000v\000i\000e\000w\000\040\000a\000n\000d\000\040\000A\000n\000a\000l\000y\000s\000i\000s}{chapter.93}% 37
\BOOKMARK [1][-]{section.95}{\376\377\000F\000r\000a\000m\000e\000w\000o\000r\000k\000\040\000p\000r\000o\000p\000o\000s\000a\000l}{chapter.93}% 38
\BOOKMARK [1][-]{section.96}{\376\377\000V\000e\000r\000i\000f\000i\000c\000a\000t\000i\000o\000n\000\040\000a\000n\000d\000\040\000V\000a\000l\000i\000d\000a\000t\000i\000o\000n}{chapter.93}% 39
\BOOKMARK [2][-]{subsection.97}{\376\377\000D\000e\000e\000p\000e\000r\000\040\000i\000n\000d\000e\000n\000t\000a\000t\000i\000o\000n}{section.96}% 40
\BOOKMARK [2][-]{subsection.98}{\376\377\000D\000e\000f\000o\000r\000m\000a\000t\000i\000o\000n\000\040\000p\000r\000o\000f\000i\000l\000e\000\040\000a\000n\000a\000l\000y\000s\000i\000s}{section.96}% 41
\BOOKMARK [1][-]{section.99}{\376\377\000L\000i\000m\000i\000t\000a\000t\000i\000o\000n\000s\000\040\000a\000n\000d\000\040\000i\000m\000p\000l\000i\000c\000a\000t\000i\000o\000n\000s\000\040\000o\000f\000\040\000t\000h\000e\000\040\000r\000e\000s\000u\000l\000t\000s}{chapter.93}% 42
\BOOKMARK [2][-]{subsection.100}{\376\377\000F\000i\000r\000s\000t\000\040\000E\000x\000p\000e\000r\000i\000m\000e\000n\000t\000a\000l\000\040\000m\000o\000d\000e\000l}{section.99}% 43
\BOOKMARK [2][-]{subsection.102}{\376\377\000S\000e\000c\000o\000n\000d\000\040\000E\000x\000p\000e\000r\000i\000m\000e\000n\000t\000a\000l\000\040\000m\000o\000d\000e\000l}{section.99}% 44
\BOOKMARK [1][-]{section.103}{\376\377\000M\000a\000t\000e\000r\000i\000a\000l\000\040\000m\000o\000d\000e\000l\000\040\000f\000r\000a\000m\000e\000w\000o\000r\000k\000\040\000a\000s\000s\000u\000m\000p\000t\000i\000o\000n\000s}{chapter.93}% 45
\BOOKMARK [2][-]{subsection.104}{\376\377\000F\000i\000r\000s\000t\000\040\000M\000a\000t\000e\000r\000i\000a\000l\000\040\000m\000o\000d\000e\000l}{section.103}% 46
\BOOKMARK [3][-]{section*.105}{\376\377\000L\000i\000n\000e\000a\000r\000\040\000e\000l\000a\000s\000t\000i\000c\000i\000t\000y}{subsection.104}% 47
\BOOKMARK [3][-]{section*.106}{\376\377\000H\000y\000p\000e\000r\000e\000l\000a\000s\000t\000i\000c\000i\000t\000y}{subsection.104}% 48
\BOOKMARK [1][-]{section.107}{\376\377\000C\000o\000m\000p\000u\000t\000a\000t\000i\000o\000n\000a\000l\000\040\000m\000o\000d\000e\000l}{chapter.93}% 49
\BOOKMARK [1][-]{section.108}{\376\377\000M\000a\000t\000e\000r\000i\000a\000l\000\040\000m\000o\000d\000e\000l}{chapter.93}% 50
\BOOKMARK [0][-]{chapter.109}{\376\377\000C\000o\000n\000c\000l\000u\000s\000i\000o\000n\000\040\000a\000n\000d\000\040\000O\000u\000t\000l\000o\000o\000k}{}% 51
\BOOKMARK [1][-]{section.110}{\376\377\000S\000u\000m\000m\000a\000r\000y\000\040\000a\000n\000d\000\040\000C\000o\000n\000t\000r\000i\000b\000u\000t\000i\000o\000n\000s}{chapter.109}% 52
\BOOKMARK [1][-]{section.111}{\376\377\000R\000e\000c\000o\000m\000m\000e\000n\000d\000a\000t\000i\000o\000n\000s\000\040\000f\000o\000r\000\040\000F\000u\000t\000u\000r\000e\000\040\000R\000e\000s\000e\000a\000r\000c\000h}{chapter.109}% 53
\BOOKMARK [1][-]{section.112}{\376\377\000C\000o\000n\000c\000l\000u\000s\000i\000o\000n\000s\000\040\000a\000n\000d\000\040\000F\000i\000n\000a\000l\000\040\000R\000e\000m\000a\000r\000k\000s}{chapter.109}% 54
\BOOKMARK [0][-]{appendix.113}{\376\377\000F\000r\000e\000q\000u\000e\000n\000t\000l\000y\000\040\000A\000s\000k\000e\000d\000\040\000Q\000u\000e\000s\000t\000i\000o\000n\000s}{}% 55
\BOOKMARK [1][-]{section.114}{\376\377\000H\000o\000w\000\040\000d\000o\000\040\000I\000\040\000c\000h\000a\000n\000g\000e\000\040\000t\000h\000e\000\040\000c\000o\000l\000o\000r\000s\000\040\000o\000f\000\040\000l\000i\000n\000k\000s\000?}{appendix.113}% 56
\BOOKMARK [0][-]{appendix*.115}{\376\377\000B\000i\000b\000l\000i\000o\000g\000r\000a\000p\000h\000y}{}% 57
